2018-04-05 18:21:58 Debug: Notice (8): Undefined offset: 0 in [C:\xampp\htdocs\ctsvn\cthiring\app\Controller\HomeController.php, line 745]
Trace:
HomeController::get_position_count() - APP\Controller\HomeController.php, line 745
HomeController::index() - APP\Controller\HomeController.php, line 340
ReflectionMethod::invokeArgs() - [internal], line ??
Controller::invokeAction() - CORE\Cake\Controller\Controller.php, line 491
Dispatcher::_invoke() - CORE\Cake\Routing\Dispatcher.php, line 193
Dispatcher::dispatch() - CORE\Cake\Routing\Dispatcher.php, line 167
[main] - APP\webroot\index.php, line 118

2018-04-05 18:21:58 Debug: Notice (8): Undefined variable: reqCond in [C:\xampp\htdocs\ctsvn\cthiring\app\Controller\HomeController.php, line 763]
Trace:
HomeController::get_position_count() - APP\Controller\HomeController.php, line 763
HomeController::index() - APP\Controller\HomeController.php, line 340
ReflectionMethod::invokeArgs() - [internal], line ??
Controller::invokeAction() - CORE\Cake\Controller\Controller.php, line 491
Dispatcher::_invoke() - CORE\Cake\Routing\Dispatcher.php, line 193
Dispatcher::dispatch() - CORE\Cake\Routing\Dispatcher.php, line 167
[main] - APP\webroot\index.php, line 118

2018-04-05 18:21:58 Debug: Notice (8): Undefined index: type in [C:\xampp\htdocs\ctsvn\cthiring\app\Controller\HomeController.php, line 343]
Trace:
HomeController::index() - APP\Controller\HomeController.php, line 343
ReflectionMethod::invokeArgs() - [internal], line ??
Controller::invokeAction() - CORE\Cake\Controller\Controller.php, line 491
Dispatcher::_invoke() - CORE\Cake\Routing\Dispatcher.php, line 193
Dispatcher::dispatch() - CORE\Cake\Routing\Dispatcher.php, line 167
[main] - APP\webroot\index.php, line 118

2018-04-05 18:21:58 Debug: Notice (8): Undefined variable: cv_branch_cond in [C:\xampp\htdocs\ctsvn\cthiring\app\Controller\HomeController.php, line 353]
Trace:
HomeController::index() - APP\Controller\HomeController.php, line 353
ReflectionMethod::invokeArgs() - [internal], line ??
Controller::invokeAction() - CORE\Cake\Controller\Controller.php, line 491
Dispatcher::_invoke() - CORE\Cake\Routing\Dispatcher.php, line 193
Dispatcher::dispatch() - CORE\Cake\Routing\Dispatcher.php, line 167
[main] - APP\webroot\index.php, line 118

2018-04-05 18:21:58 Debug: Notice (8): Undefined variable: client_cond in [C:\xampp\htdocs\ctsvn\cthiring\app\Controller\HomeController.php, line 353]
Trace:
HomeController::index() - APP\Controller\HomeController.php, line 353
ReflectionMethod::invokeArgs() - [internal], line ??
Controller::invokeAction() - CORE\Cake\Controller\Controller.php, line 491
Dispatcher::_invoke() - CORE\Cake\Routing\Dispatcher.php, line 193
Dispatcher::dispatch() - CORE\Cake\Routing\Dispatcher.php, line 167
[main] - APP\webroot\index.php, line 118

2018-04-05 18:21:58 Debug: Notice (8): Undefined variable: reqCond in [C:\xampp\htdocs\ctsvn\cthiring\app\Controller\HomeController.php, line 353]
Trace:
HomeController::index() - APP\Controller\HomeController.php, line 353
ReflectionMethod::invokeArgs() - [internal], line ??
Controller::invokeAction() - CORE\Cake\Controller\Controller.php, line 491
Dispatcher::_invoke() - CORE\Cake\Routing\Dispatcher.php, line 193
Dispatcher::dispatch() - CORE\Cake\Routing\Dispatcher.php, line 167
[main] - APP\webroot\index.php, line 118

2018-04-05 18:21:58 Debug: Notice (8): Undefined variable: cv_branch_cond in [C:\xampp\htdocs\ctsvn\cthiring\app\Controller\HomeController.php, line 357]
Trace:
HomeController::index() - APP\Controller\HomeController.php, line 357
ReflectionMethod::invokeArgs() - [internal], line ??
Controller::invokeAction() - CORE\Cake\Controller\Controller.php, line 491
Dispatcher::_invoke() - CORE\Cake\Routing\Dispatcher.php, line 193
Dispatcher::dispatch() - CORE\Cake\Routing\Dispatcher.php, line 167
[main] - APP\webroot\index.php, line 118

2018-04-05 18:21:58 Debug: Notice (8): Undefined variable: client_cond in [C:\xampp\htdocs\ctsvn\cthiring\app\Controller\HomeController.php, line 357]
Trace:
HomeController::index() - APP\Controller\HomeController.php, line 357
ReflectionMethod::invokeArgs() - [internal], line ??
Controller::invokeAction() - CORE\Cake\Controller\Controller.php, line 491
Dispatcher::_invoke() - CORE\Cake\Routing\Dispatcher.php, line 193
Dispatcher::dispatch() - CORE\Cake\Routing\Dispatcher.php, line 167
[main] - APP\webroot\index.php, line 118

2018-04-05 18:21:58 Debug: Notice (8): Undefined variable: reqCond in [C:\xampp\htdocs\ctsvn\cthiring\app\Controller\HomeController.php, line 357]
Trace:
HomeController::index() - APP\Controller\HomeController.php, line 357
ReflectionMethod::invokeArgs() - [internal], line ??
Controller::invokeAction() - CORE\Cake\Controller\Controller.php, line 491
Dispatcher::_invoke() - CORE\Cake\Routing\Dispatcher.php, line 193
Dispatcher::dispatch() - CORE\Cake\Routing\Dispatcher.php, line 167
[main] - APP\webroot\index.php, line 118

2018-04-05 18:21:59 Debug: Notice (8): Undefined variable: cv_branch_cond in [C:\xampp\htdocs\ctsvn\cthiring\app\Controller\HomeController.php, line 361]
Trace:
HomeController::index() - APP\Controller\HomeController.php, line 361
ReflectionMethod::invokeArgs() - [internal], line ??
Controller::invokeAction() - CORE\Cake\Controller\Controller.php, line 491
Dispatcher::_invoke() - CORE\Cake\Routing\Dispatcher.php, line 193
Dispatcher::dispatch() - CORE\Cake\Routing\Dispatcher.php, line 167
[main] - APP\webroot\index.php, line 118

2018-04-05 18:21:59 Debug: Notice (8): Undefined variable: client_cond in [C:\xampp\htdocs\ctsvn\cthiring\app\Controller\HomeController.php, line 361]
Trace:
HomeController::index() - APP\Controller\HomeController.php, line 361
ReflectionMethod::invokeArgs() - [internal], line ??
Controller::invokeAction() - CORE\Cake\Controller\Controller.php, line 491
Dispatcher::_invoke() - CORE\Cake\Routing\Dispatcher.php, line 193
Dispatcher::dispatch() - CORE\Cake\Routing\Dispatcher.php, line 167
[main] - APP\webroot\index.php, line 118

2018-04-05 18:21:59 Debug: Notice (8): Undefined variable: reqCond in [C:\xampp\htdocs\ctsvn\cthiring\app\Controller\HomeController.php, line 361]
Trace:
HomeController::index() - APP\Controller\HomeController.php, line 361
ReflectionMethod::invokeArgs() - [internal], line ??
Controller::invokeAction() - CORE\Cake\Controller\Controller.php, line 491
Dispatcher::_invoke() - CORE\Cake\Routing\Dispatcher.php, line 193
Dispatcher::dispatch() - CORE\Cake\Routing\Dispatcher.php, line 167
[main] - APP\webroot\index.php, line 118

2018-04-05 18:21:59 Debug: Notice (8): Undefined variable: cv_branch_cond in [C:\xampp\htdocs\ctsvn\cthiring\app\Controller\HomeController.php, line 365]
Trace:
HomeController::index() - APP\Controller\HomeController.php, line 365
ReflectionMethod::invokeArgs() - [internal], line ??
Controller::invokeAction() - CORE\Cake\Controller\Controller.php, line 491
Dispatcher::_invoke() - CORE\Cake\Routing\Dispatcher.php, line 193
Dispatcher::dispatch() - CORE\Cake\Routing\Dispatcher.php, line 167
[main] - APP\webroot\index.php, line 118

2018-04-05 18:21:59 Debug: Notice (8): Undefined variable: client_cond in [C:\xampp\htdocs\ctsvn\cthiring\app\Controller\HomeController.php, line 365]
Trace:
HomeController::index() - APP\Controller\HomeController.php, line 365
ReflectionMethod::invokeArgs() - [internal], line ??
Controller::invokeAction() - CORE\Cake\Controller\Controller.php, line 491
Dispatcher::_invoke() - CORE\Cake\Routing\Dispatcher.php, line 193
Dispatcher::dispatch() - CORE\Cake\Routing\Dispatcher.php, line 167
[main] - APP\webroot\index.php, line 118

2018-04-05 18:21:59 Debug: Notice (8): Undefined variable: reqCond in [C:\xampp\htdocs\ctsvn\cthiring\app\Controller\HomeController.php, line 365]
Trace:
HomeController::index() - APP\Controller\HomeController.php, line 365
ReflectionMethod::invokeArgs() - [internal], line ??
Controller::invokeAction() - CORE\Cake\Controller\Controller.php, line 491
Dispatcher::_invoke() - CORE\Cake\Routing\Dispatcher.php, line 193
Dispatcher::dispatch() - CORE\Cake\Routing\Dispatcher.php, line 167
[main] - APP\webroot\index.php, line 118

2018-04-05 18:21:59 Debug: Notice (8): Undefined variable: cv_branch_cond in [C:\xampp\htdocs\ctsvn\cthiring\app\Controller\HomeController.php, line 373]
Trace:
HomeController::index() - APP\Controller\HomeController.php, line 373
ReflectionMethod::invokeArgs() - [internal], line ??
Controller::invokeAction() - CORE\Cake\Controller\Controller.php, line 491
Dispatcher::_invoke() - CORE\Cake\Routing\Dispatcher.php, line 193
Dispatcher::dispatch() - CORE\Cake\Routing\Dispatcher.php, line 167
[main] - APP\webroot\index.php, line 118

2018-04-05 18:21:59 Debug: Notice (8): Undefined variable: client_cond in [C:\xampp\htdocs\ctsvn\cthiring\app\Controller\HomeController.php, line 373]
Trace:
HomeController::index() - APP\Controller\HomeController.php, line 373
ReflectionMethod::invokeArgs() - [internal], line ??
Controller::invokeAction() - CORE\Cake\Controller\Controller.php, line 491
Dispatcher::_invoke() - CORE\Cake\Routing\Dispatcher.php, line 193
Dispatcher::dispatch() - CORE\Cake\Routing\Dispatcher.php, line 167
[main] - APP\webroot\index.php, line 118

2018-04-05 18:21:59 Debug: Notice (8): Undefined variable: reqCond in [C:\xampp\htdocs\ctsvn\cthiring\app\Controller\HomeController.php, line 373]
Trace:
HomeController::index() - APP\Controller\HomeController.php, line 373
ReflectionMethod::invokeArgs() - [internal], line ??
Controller::invokeAction() - CORE\Cake\Controller\Controller.php, line 491
Dispatcher::_invoke() - CORE\Cake\Routing\Dispatcher.php, line 193
Dispatcher::dispatch() - CORE\Cake\Routing\Dispatcher.php, line 167
[main] - APP\webroot\index.php, line 118

2018-04-05 18:21:59 Debug: Notice (8): Undefined variable: cv_branch_cond in [C:\xampp\htdocs\ctsvn\cthiring\app\Controller\HomeController.php, line 377]
Trace:
HomeController::index() - APP\Controller\HomeController.php, line 377
ReflectionMethod::invokeArgs() - [internal], line ??
Controller::invokeAction() - CORE\Cake\Controller\Controller.php, line 491
Dispatcher::_invoke() - CORE\Cake\Routing\Dispatcher.php, line 193
Dispatcher::dispatch() - CORE\Cake\Routing\Dispatcher.php, line 167
[main] - APP\webroot\index.php, line 118

2018-04-05 18:21:59 Debug: Notice (8): Undefined variable: client_cond in [C:\xampp\htdocs\ctsvn\cthiring\app\Controller\HomeController.php, line 377]
Trace:
HomeController::index() - APP\Controller\HomeController.php, line 377
ReflectionMethod::invokeArgs() - [internal], line ??
Controller::invokeAction() - CORE\Cake\Controller\Controller.php, line 491
Dispatcher::_invoke() - CORE\Cake\Routing\Dispatcher.php, line 193
Dispatcher::dispatch() - CORE\Cake\Routing\Dispatcher.php, line 167
[main] - APP\webroot\index.php, line 118

2018-04-05 18:21:59 Debug: Notice (8): Undefined variable: reqCond in [C:\xampp\htdocs\ctsvn\cthiring\app\Controller\HomeController.php, line 377]
Trace:
HomeController::index() - APP\Controller\HomeController.php, line 377
ReflectionMethod::invokeArgs() - [internal], line ??
Controller::invokeAction() - CORE\Cake\Controller\Controller.php, line 491
Dispatcher::_invoke() - CORE\Cake\Routing\Dispatcher.php, line 193
Dispatcher::dispatch() - CORE\Cake\Routing\Dispatcher.php, line 167
[main] - APP\webroot\index.php, line 118

2018-04-05 18:21:59 Debug: Notice (8): Undefined variable: cv_branch_cond in [C:\xampp\htdocs\ctsvn\cthiring\app\Controller\HomeController.php, line 381]
Trace:
HomeController::index() - APP\Controller\HomeController.php, line 381
ReflectionMethod::invokeArgs() - [internal], line ??
Controller::invokeAction() - CORE\Cake\Controller\Controller.php, line 491
Dispatcher::_invoke() - CORE\Cake\Routing\Dispatcher.php, line 193
Dispatcher::dispatch() - CORE\Cake\Routing\Dispatcher.php, line 167
[main] - APP\webroot\index.php, line 118

2018-04-05 18:21:59 Debug: Notice (8): Undefined variable: client_cond in [C:\xampp\htdocs\ctsvn\cthiring\app\Controller\HomeController.php, line 381]
Trace:
HomeController::index() - APP\Controller\HomeController.php, line 381
ReflectionMethod::invokeArgs() - [internal], line ??
Controller::invokeAction() - CORE\Cake\Controller\Controller.php, line 491
Dispatcher::_invoke() - CORE\Cake\Routing\Dispatcher.php, line 193
Dispatcher::dispatch() - CORE\Cake\Routing\Dispatcher.php, line 167
[main] - APP\webroot\index.php, line 118

2018-04-05 18:21:59 Debug: Notice (8): Undefined variable: reqCond in [C:\xampp\htdocs\ctsvn\cthiring\app\Controller\HomeController.php, line 381]
Trace:
HomeController::index() - APP\Controller\HomeController.php, line 381
ReflectionMethod::invokeArgs() - [internal], line ??
Controller::invokeAction() - CORE\Cake\Controller\Controller.php, line 491
Dispatcher::_invoke() - CORE\Cake\Routing\Dispatcher.php, line 193
Dispatcher::dispatch() - CORE\Cake\Routing\Dispatcher.php, line 167
[main] - APP\webroot\index.php, line 118

2018-04-05 18:21:59 Debug: Notice (8): Undefined variable: cv_branch_cond in [C:\xampp\htdocs\ctsvn\cthiring\app\Controller\HomeController.php, line 385]
Trace:
HomeController::index() - APP\Controller\HomeController.php, line 385
ReflectionMethod::invokeArgs() - [internal], line ??
Controller::invokeAction() - CORE\Cake\Controller\Controller.php, line 491
Dispatcher::_invoke() - CORE\Cake\Routing\Dispatcher.php, line 193
Dispatcher::dispatch() - CORE\Cake\Routing\Dispatcher.php, line 167
[main] - APP\webroot\index.php, line 118

2018-04-05 18:21:59 Debug: Notice (8): Undefined variable: client_cond in [C:\xampp\htdocs\ctsvn\cthiring\app\Controller\HomeController.php, line 385]
Trace:
HomeController::index() - APP\Controller\HomeController.php, line 385
ReflectionMethod::invokeArgs() - [internal], line ??
Controller::invokeAction() - CORE\Cake\Controller\Controller.php, line 491
Dispatcher::_invoke() - CORE\Cake\Routing\Dispatcher.php, line 193
Dispatcher::dispatch() - CORE\Cake\Routing\Dispatcher.php, line 167
[main] - APP\webroot\index.php, line 118

2018-04-05 18:21:59 Debug: Notice (8): Undefined variable: reqCond in [C:\xampp\htdocs\ctsvn\cthiring\app\Controller\HomeController.php, line 385]
Trace:
HomeController::index() - APP\Controller\HomeController.php, line 385
ReflectionMethod::invokeArgs() - [internal], line ??
Controller::invokeAction() - CORE\Cake\Controller\Controller.php, line 491
Dispatcher::_invoke() - CORE\Cake\Routing\Dispatcher.php, line 193
Dispatcher::dispatch() - CORE\Cake\Routing\Dispatcher.php, line 167
[main] - APP\webroot\index.php, line 118

2018-04-05 18:21:59 Debug: Notice (8): Undefined variable: cv_branch_cond in [C:\xampp\htdocs\ctsvn\cthiring\app\Controller\HomeController.php, line 389]
Trace:
HomeController::index() - APP\Controller\HomeController.php, line 389
ReflectionMethod::invokeArgs() - [internal], line ??
Controller::invokeAction() - CORE\Cake\Controller\Controller.php, line 491
Dispatcher::_invoke() - CORE\Cake\Routing\Dispatcher.php, line 193
Dispatcher::dispatch() - CORE\Cake\Routing\Dispatcher.php, line 167
[main] - APP\webroot\index.php, line 118

2018-04-05 18:21:59 Debug: Notice (8): Undefined variable: client_cond in [C:\xampp\htdocs\ctsvn\cthiring\app\Controller\HomeController.php, line 389]
Trace:
HomeController::index() - APP\Controller\HomeController.php, line 389
ReflectionMethod::invokeArgs() - [internal], line ??
Controller::invokeAction() - CORE\Cake\Controller\Controller.php, line 491
Dispatcher::_invoke() - CORE\Cake\Routing\Dispatcher.php, line 193
Dispatcher::dispatch() - CORE\Cake\Routing\Dispatcher.php, line 167
[main] - APP\webroot\index.php, line 118

2018-04-05 18:21:59 Debug: Notice (8): Undefined variable: reqCond in [C:\xampp\htdocs\ctsvn\cthiring\app\Controller\HomeController.php, line 389]
Trace:
HomeController::index() - APP\Controller\HomeController.php, line 389
ReflectionMethod::invokeArgs() - [internal], line ??
Controller::invokeAction() - CORE\Cake\Controller\Controller.php, line 491
Dispatcher::_invoke() - CORE\Cake\Routing\Dispatcher.php, line 193
Dispatcher::dispatch() - CORE\Cake\Routing\Dispatcher.php, line 167
[main] - APP\webroot\index.php, line 118

2018-04-05 18:21:59 Debug: Notice (8): Undefined variable: cv_branch_cond in [C:\xampp\htdocs\ctsvn\cthiring\app\Controller\HomeController.php, line 393]
Trace:
HomeController::index() - APP\Controller\HomeController.php, line 393
ReflectionMethod::invokeArgs() - [internal], line ??
Controller::invokeAction() - CORE\Cake\Controller\Controller.php, line 491
Dispatcher::_invoke() - CORE\Cake\Routing\Dispatcher.php, line 193
Dispatcher::dispatch() - CORE\Cake\Routing\Dispatcher.php, line 167
[main] - APP\webroot\index.php, line 118

2018-04-05 18:21:59 Debug: Notice (8): Undefined variable: client_cond in [C:\xampp\htdocs\ctsvn\cthiring\app\Controller\HomeController.php, line 393]
Trace:
HomeController::index() - APP\Controller\HomeController.php, line 393
ReflectionMethod::invokeArgs() - [internal], line ??
Controller::invokeAction() - CORE\Cake\Controller\Controller.php, line 491
Dispatcher::_invoke() - CORE\Cake\Routing\Dispatcher.php, line 193
Dispatcher::dispatch() - CORE\Cake\Routing\Dispatcher.php, line 167
[main] - APP\webroot\index.php, line 118

2018-04-05 18:21:59 Debug: Notice (8): Undefined variable: reqCond in [C:\xampp\htdocs\ctsvn\cthiring\app\Controller\HomeController.php, line 393]
Trace:
HomeController::index() - APP\Controller\HomeController.php, line 393
ReflectionMethod::invokeArgs() - [internal], line ??
Controller::invokeAction() - CORE\Cake\Controller\Controller.php, line 491
Dispatcher::_invoke() - CORE\Cake\Routing\Dispatcher.php, line 193
Dispatcher::dispatch() - CORE\Cake\Routing\Dispatcher.php, line 167
[main] - APP\webroot\index.php, line 118

2018-04-05 18:21:59 Debug: Notice (8): Undefined variable: cv_branch_cond in [C:\xampp\htdocs\ctsvn\cthiring\app\Controller\HomeController.php, line 397]
Trace:
HomeController::index() - APP\Controller\HomeController.php, line 397
ReflectionMethod::invokeArgs() - [internal], line ??
Controller::invokeAction() - CORE\Cake\Controller\Controller.php, line 491
Dispatcher::_invoke() - CORE\Cake\Routing\Dispatcher.php, line 193
Dispatcher::dispatch() - CORE\Cake\Routing\Dispatcher.php, line 167
[main] - APP\webroot\index.php, line 118

2018-04-05 18:21:59 Debug: Notice (8): Undefined variable: client_cond in [C:\xampp\htdocs\ctsvn\cthiring\app\Controller\HomeController.php, line 397]
Trace:
HomeController::index() - APP\Controller\HomeController.php, line 397
ReflectionMethod::invokeArgs() - [internal], line ??
Controller::invokeAction() - CORE\Cake\Controller\Controller.php, line 491
Dispatcher::_invoke() - CORE\Cake\Routing\Dispatcher.php, line 193
Dispatcher::dispatch() - CORE\Cake\Routing\Dispatcher.php, line 167
[main] - APP\webroot\index.php, line 118

2018-04-05 18:21:59 Debug: Notice (8): Undefined variable: reqCond in [C:\xampp\htdocs\ctsvn\cthiring\app\Controller\HomeController.php, line 397]
Trace:
HomeController::index() - APP\Controller\HomeController.php, line 397
ReflectionMethod::invokeArgs() - [internal], line ??
Controller::invokeAction() - CORE\Cake\Controller\Controller.php, line 491
Dispatcher::_invoke() - CORE\Cake\Routing\Dispatcher.php, line 193
Dispatcher::dispatch() - CORE\Cake\Routing\Dispatcher.php, line 167
[main] - APP\webroot\index.php, line 118

2018-04-05 18:21:59 Debug: Notice (8): Undefined index: action in [C:\xampp\htdocs\ctsvn\cthiring\app\Controller\HomeController.php, line 439]
Trace:
HomeController::index() - APP\Controller\HomeController.php, line 439
ReflectionMethod::invokeArgs() - [internal], line ??
Controller::invokeAction() - CORE\Cake\Controller\Controller.php, line 491
Dispatcher::_invoke() - CORE\Cake\Routing\Dispatcher.php, line 193
Dispatcher::dispatch() - CORE\Cake\Routing\Dispatcher.php, line 167
[main] - APP\webroot\index.php, line 118

2018-04-05 18:21:59 Debug: Notice (8): Undefined variable: keyCond in [C:\xampp\htdocs\ctsvn\cthiring\app\Controller\HomeController.php, line 446]
Trace:
HomeController::index() - APP\Controller\HomeController.php, line 446
ReflectionMethod::invokeArgs() - [internal], line ??
Controller::invokeAction() - CORE\Cake\Controller\Controller.php, line 491
Dispatcher::_invoke() - CORE\Cake\Routing\Dispatcher.php, line 193
Dispatcher::dispatch() - CORE\Cake\Routing\Dispatcher.php, line 167
[main] - APP\webroot\index.php, line 118

2018-04-05 18:21:59 Debug: Notice (8): Undefined variable: dash_type in [C:\xampp\htdocs\ctsvn\cthiring\app\Controller\HomeController.php, line 476]
Trace:
HomeController::index() - APP\Controller\HomeController.php, line 476
ReflectionMethod::invokeArgs() - [internal], line ??
Controller::invokeAction() - CORE\Cake\Controller\Controller.php, line 491
Dispatcher::_invoke() - CORE\Cake\Routing\Dispatcher.php, line 193
Dispatcher::dispatch() - CORE\Cake\Routing\Dispatcher.php, line 167
[main] - APP\webroot\index.php, line 118

2018-04-05 18:21:59 Debug: Notice (8): Undefined variable: dash_type in [C:\xampp\htdocs\ctsvn\cthiring\app\Controller\HomeController.php, line 582]
Trace:
HomeController::index() - APP\Controller\HomeController.php, line 582
ReflectionMethod::invokeArgs() - [internal], line ??
Controller::invokeAction() - CORE\Cake\Controller\Controller.php, line 491
Dispatcher::_invoke() - CORE\Cake\Routing\Dispatcher.php, line 193
Dispatcher::dispatch() - CORE\Cake\Routing\Dispatcher.php, line 167
[main] - APP\webroot\index.php, line 118

2018-04-05 18:21:59 Debug: Notice (8): Undefined variable: dash_type in [C:\xampp\htdocs\ctsvn\cthiring\app\Controller\HomeController.php, line 665]
Trace:
HomeController::index() - APP\Controller\HomeController.php, line 665
ReflectionMethod::invokeArgs() - [internal], line ??
Controller::invokeAction() - CORE\Cake\Controller\Controller.php, line 491
Dispatcher::_invoke() - CORE\Cake\Routing\Dispatcher.php, line 193
Dispatcher::dispatch() - CORE\Cake\Routing\Dispatcher.php, line 167
[main] - APP\webroot\index.php, line 118

2018-04-05 18:21:59 Debug: Notice (8): Undefined variable: options in [C:\xampp\htdocs\ctsvn\cthiring\app\Controller\AppController.php, line 162]
Trace:
AppController::get_approve_leave_count() - APP\Controller\AppController.php, line 162
AppController::beforeRender() - APP\Controller\AppController.php, line 49
call_user_func - [internal], line ??
CakeEventManager::dispatch() - CORE\Cake\Event\CakeEventManager.php, line 243
Controller::render() - CORE\Cake\Controller\Controller.php, line 936
Dispatcher::_invoke() - CORE\Cake\Routing\Dispatcher.php, line 200
Dispatcher::dispatch() - CORE\Cake\Routing\Dispatcher.php, line 167
[main] - APP\webroot\index.php, line 118

2018-04-05 18:21:59 Debug: Notice (8): Undefined variable: event_menu in [C:\xampp\htdocs\ctsvn\cthiring\app\View\Elements\header.ctp, line 85]
Trace:
include - APP\View\Elements\header.ctp, line 85
View::_evaluate() - CORE\Cake\View\View.php, line 971
View::_render() - CORE\Cake\View\View.php, line 933
View::_renderElement() - CORE\Cake\View\View.php, line 1224
View::element() - CORE\Cake\View\View.php, line 418
include - APP\View\Home\index.ctp, line 2
View::_evaluate() - CORE\Cake\View\View.php, line 971
View::_render() - CORE\Cake\View\View.php, line 933
View::render() - CORE\Cake\View\View.php, line 473
Controller::render() - CORE\Cake\Controller\Controller.php, line 963
Dispatcher::_invoke() - CORE\Cake\Routing\Dispatcher.php, line 200
Dispatcher::dispatch() - CORE\Cake\Routing\Dispatcher.php, line 167
[main] - APP\webroot\index.php, line 118

2018-04-05 18:21:59 Debug: Notice (8): Undefined variable: taskplan_menu in [C:\xampp\htdocs\ctsvn\cthiring\app\View\Elements\header.ctp, line 85]
Trace:
include - APP\View\Elements\header.ctp, line 85
View::_evaluate() - CORE\Cake\View\View.php, line 971
View::_render() - CORE\Cake\View\View.php, line 933
View::_renderElement() - CORE\Cake\View\View.php, line 1224
View::element() - CORE\Cake\View\View.php, line 418
include - APP\View\Home\index.ctp, line 2
View::_evaluate() - CORE\Cake\View\View.php, line 971
View::_render() - CORE\Cake\View\View.php, line 933
View::render() - CORE\Cake\View\View.php, line 473
Controller::render() - CORE\Cake\Controller\Controller.php, line 963
Dispatcher::_invoke() - CORE\Cake\Routing\Dispatcher.php, line 200
Dispatcher::dispatch() - CORE\Cake\Routing\Dispatcher.php, line 167
[main] - APP\webroot\index.php, line 118

2018-04-05 18:21:59 Debug: Notice (8): Undefined variable: leave_menu in [C:\xampp\htdocs\ctsvn\cthiring\app\View\Elements\header.ctp, line 85]
Trace:
include - APP\View\Elements\header.ctp, line 85
View::_evaluate() - CORE\Cake\View\View.php, line 971
View::_render() - CORE\Cake\View\View.php, line 933
View::_renderElement() - CORE\Cake\View\View.php, line 1224
View::element() - CORE\Cake\View\View.php, line 418
include - APP\View\Home\index.ctp, line 2
View::_evaluate() - CORE\Cake\View\View.php, line 971
View::_render() - CORE\Cake\View\View.php, line 933
View::render() - CORE\Cake\View\View.php, line 473
Controller::render() - CORE\Cake\Controller\Controller.php, line 963
Dispatcher::_invoke() - CORE\Cake\Routing\Dispatcher.php, line 200
Dispatcher::dispatch() - CORE\Cake\Routing\Dispatcher.php, line 167
[main] - APP\webroot\index.php, line 118

2018-04-05 18:21:59 Debug: Notice (8): Undefined variable: client_menu in [C:\xampp\htdocs\ctsvn\cthiring\app\View\Elements\header.ctp, line 135]
Trace:
include - APP\View\Elements\header.ctp, line 135
View::_evaluate() - CORE\Cake\View\View.php, line 971
View::_render() - CORE\Cake\View\View.php, line 933
View::_renderElement() - CORE\Cake\View\View.php, line 1224
View::element() - CORE\Cake\View\View.php, line 418
include - APP\View\Home\index.ctp, line 2
View::_evaluate() - CORE\Cake\View\View.php, line 971
View::_render() - CORE\Cake\View\View.php, line 933
View::render() - CORE\Cake\View\View.php, line 473
Controller::render() - CORE\Cake\Controller\Controller.php, line 963
Dispatcher::_invoke() - CORE\Cake\Routing\Dispatcher.php, line 200
Dispatcher::dispatch() - CORE\Cake\Routing\Dispatcher.php, line 167
[main] - APP\webroot\index.php, line 118

2018-04-05 18:21:59 Debug: Notice (8): Undefined variable: create_client in [C:\xampp\htdocs\ctsvn\cthiring\app\View\Elements\header.ctp, line 138]
Trace:
include - APP\View\Elements\header.ctp, line 138
View::_evaluate() - CORE\Cake\View\View.php, line 971
View::_render() - CORE\Cake\View\View.php, line 933
View::_renderElement() - CORE\Cake\View\View.php, line 1224
View::element() - CORE\Cake\View\View.php, line 418
include - APP\View\Home\index.ctp, line 2
View::_evaluate() - CORE\Cake\View\View.php, line 971
View::_render() - CORE\Cake\View\View.php, line 933
View::render() - CORE\Cake\View\View.php, line 473
Controller::render() - CORE\Cake\Controller\Controller.php, line 963
Dispatcher::_invoke() - CORE\Cake\Routing\Dispatcher.php, line 200
Dispatcher::dispatch() - CORE\Cake\Routing\Dispatcher.php, line 167
[main] - APP\webroot\index.php, line 118

2018-04-05 18:21:59 Debug: Notice (8): Undefined variable: approve_client in [C:\xampp\htdocs\ctsvn\cthiring\app\View\Elements\header.ctp, line 144]
Trace:
include - APP\View\Elements\header.ctp, line 144
View::_evaluate() - CORE\Cake\View\View.php, line 971
View::_render() - CORE\Cake\View\View.php, line 933
View::_renderElement() - CORE\Cake\View\View.php, line 1224
View::element() - CORE\Cake\View\View.php, line 418
include - APP\View\Home\index.ctp, line 2
View::_evaluate() - CORE\Cake\View\View.php, line 971
View::_render() - CORE\Cake\View\View.php, line 933
View::render() - CORE\Cake\View\View.php, line 473
Controller::render() - CORE\Cake\Controller\Controller.php, line 963
Dispatcher::_invoke() - CORE\Cake\Routing\Dispatcher.php, line 200
Dispatcher::dispatch() - CORE\Cake\Routing\Dispatcher.php, line 167
[main] - APP\webroot\index.php, line 118

2018-04-05 18:21:59 Debug: Notice (8): Undefined variable: position_menu in [C:\xampp\htdocs\ctsvn\cthiring\app\View\Elements\header.ctp, line 167]
Trace:
include - APP\View\Elements\header.ctp, line 167
View::_evaluate() - CORE\Cake\View\View.php, line 971
View::_render() - CORE\Cake\View\View.php, line 933
View::_renderElement() - CORE\Cake\View\View.php, line 1224
View::element() - CORE\Cake\View\View.php, line 418
include - APP\View\Home\index.ctp, line 2
View::_evaluate() - CORE\Cake\View\View.php, line 971
View::_render() - CORE\Cake\View\View.php, line 933
View::render() - CORE\Cake\View\View.php, line 473
Controller::render() - CORE\Cake\Controller\Controller.php, line 963
Dispatcher::_invoke() - CORE\Cake\Routing\Dispatcher.php, line 200
Dispatcher::dispatch() - CORE\Cake\Routing\Dispatcher.php, line 167
[main] - APP\webroot\index.php, line 118

2018-04-05 18:21:59 Debug: Notice (8): Undefined variable: resume_menu in [C:\xampp\htdocs\ctsvn\cthiring\app\View\Elements\header.ctp, line 196]
Trace:
include - APP\View\Elements\header.ctp, line 196
View::_evaluate() - CORE\Cake\View\View.php, line 971
View::_render() - CORE\Cake\View\View.php, line 933
View::_renderElement() - CORE\Cake\View\View.php, line 1224
View::element() - CORE\Cake\View\View.php, line 418
include - APP\View\Home\index.ctp, line 2
View::_evaluate() - CORE\Cake\View\View.php, line 971
View::_render() - CORE\Cake\View\View.php, line 933
View::render() - CORE\Cake\View\View.php, line 473
Controller::render() - CORE\Cake\Controller\Controller.php, line 963
Dispatcher::_invoke() - CORE\Cake\Routing\Dispatcher.php, line 200
Dispatcher::dispatch() - CORE\Cake\Routing\Dispatcher.php, line 167
[main] - APP\webroot\index.php, line 118

2018-04-05 18:21:59 Debug: Notice (8): Undefined variable: recruiter_report in [C:\xampp\htdocs\ctsvn\cthiring\app\View\Elements\header.ctp, line 259]
Trace:
include - APP\View\Elements\header.ctp, line 259
View::_evaluate() - CORE\Cake\View\View.php, line 971
View::_render() - CORE\Cake\View\View.php, line 933
View::_renderElement() - CORE\Cake\View\View.php, line 1224
View::element() - CORE\Cake\View\View.php, line 418
include - APP\View\Home\index.ctp, line 2
View::_evaluate() - CORE\Cake\View\View.php, line 971
View::_render() - CORE\Cake\View\View.php, line 933
View::render() - CORE\Cake\View\View.php, line 473
Controller::render() - CORE\Cake\Controller\Controller.php, line 963
Dispatcher::_invoke() - CORE\Cake\Routing\Dispatcher.php, line 200
Dispatcher::dispatch() - CORE\Cake\Routing\Dispatcher.php, line 167
[main] - APP\webroot\index.php, line 118

2018-04-05 18:21:59 Debug: Notice (8): Undefined variable: account_holder_report in [C:\xampp\htdocs\ctsvn\cthiring\app\View\Elements\header.ctp, line 259]
Trace:
include - APP\View\Elements\header.ctp, line 259
View::_evaluate() - CORE\Cake\View\View.php, line 971
View::_render() - CORE\Cake\View\View.php, line 933
View::_renderElement() - CORE\Cake\View\View.php, line 1224
View::element() - CORE\Cake\View\View.php, line 418
include - APP\View\Home\index.ctp, line 2
View::_evaluate() - CORE\Cake\View\View.php, line 971
View::_render() - CORE\Cake\View\View.php, line 933
View::render() - CORE\Cake\View\View.php, line 473
Controller::render() - CORE\Cake\Controller\Controller.php, line 963
Dispatcher::_invoke() - CORE\Cake\Routing\Dispatcher.php, line 200
Dispatcher::dispatch() - CORE\Cake\Routing\Dispatcher.php, line 167
[main] - APP\webroot\index.php, line 118

2018-04-05 18:21:59 Debug: Notice (8): Undefined variable: location_report in [C:\xampp\htdocs\ctsvn\cthiring\app\View\Elements\header.ctp, line 259]
Trace:
include - APP\View\Elements\header.ctp, line 259
View::_evaluate() - CORE\Cake\View\View.php, line 971
View::_render() - CORE\Cake\View\View.php, line 933
View::_renderElement() - CORE\Cake\View\View.php, line 1224
View::element() - CORE\Cake\View\View.php, line 418
include - APP\View\Home\index.ctp, line 2
View::_evaluate() - CORE\Cake\View\View.php, line 971
View::_render() - CORE\Cake\View\View.php, line 933
View::render() - CORE\Cake\View\View.php, line 473
Controller::render() - CORE\Cake\Controller\Controller.php, line 963
Dispatcher::_invoke() - CORE\Cake\Routing\Dispatcher.php, line 200
Dispatcher::dispatch() - CORE\Cake\Routing\Dispatcher.php, line 167
[main] - APP\webroot\index.php, line 118

2018-04-05 18:21:59 Debug: Notice (8): Undefined variable: failure_report in [C:\xampp\htdocs\ctsvn\cthiring\app\View\Elements\header.ctp, line 260]
Trace:
include - APP\View\Elements\header.ctp, line 260
View::_evaluate() - CORE\Cake\View\View.php, line 971
View::_render() - CORE\Cake\View\View.php, line 933
View::_renderElement() - CORE\Cake\View\View.php, line 1224
View::element() - CORE\Cake\View\View.php, line 418
include - APP\View\Home\index.ctp, line 2
View::_evaluate() - CORE\Cake\View\View.php, line 971
View::_render() - CORE\Cake\View\View.php, line 933
View::render() - CORE\Cake\View\View.php, line 473
Controller::render() - CORE\Cake\Controller\Controller.php, line 963
Dispatcher::_invoke() - CORE\Cake\Routing\Dispatcher.php, line 200
Dispatcher::dispatch() - CORE\Cake\Routing\Dispatcher.php, line 167
[main] - APP\webroot\index.php, line 118

2018-04-05 18:21:59 Debug: Notice (8): Undefined variable: revenue_report in [C:\xampp\htdocs\ctsvn\cthiring\app\View\Elements\header.ctp, line 260]
Trace:
include - APP\View\Elements\header.ctp, line 260
View::_evaluate() - CORE\Cake\View\View.php, line 971
View::_render() - CORE\Cake\View\View.php, line 933
View::_renderElement() - CORE\Cake\View\View.php, line 1224
View::element() - CORE\Cake\View\View.php, line 418
include - APP\View\Home\index.ctp, line 2
View::_evaluate() - CORE\Cake\View\View.php, line 971
View::_render() - CORE\Cake\View\View.php, line 933
View::render() - CORE\Cake\View\View.php, line 473
Controller::render() - CORE\Cake\Controller\Controller.php, line 963
Dispatcher::_invoke() - CORE\Cake\Routing\Dispatcher.php, line 200
Dispatcher::dispatch() - CORE\Cake\Routing\Dispatcher.php, line 167
[main] - APP\webroot\index.php, line 118

2018-04-05 18:21:59 Debug: Notice (8): Undefined variable: tat_report in [C:\xampp\htdocs\ctsvn\cthiring\app\View\Elements\header.ctp, line 260]
Trace:
include - APP\View\Elements\header.ctp, line 260
View::_evaluate() - CORE\Cake\View\View.php, line 971
View::_render() - CORE\Cake\View\View.php, line 933
View::_renderElement() - CORE\Cake\View\View.php, line 1224
View::element() - CORE\Cake\View\View.php, line 418
include - APP\View\Home\index.ctp, line 2
View::_evaluate() - CORE\Cake\View\View.php, line 971
View::_render() - CORE\Cake\View\View.php, line 933
View::render() - CORE\Cake\View\View.php, line 473
Controller::render() - CORE\Cake\Controller\Controller.php, line 963
Dispatcher::_invoke() - CORE\Cake\Routing\Dispatcher.php, line 200
Dispatcher::dispatch() - CORE\Cake\Routing\Dispatcher.php, line 167
[main] - APP\webroot\index.php, line 118

2018-04-05 18:21:59 Debug: Notice (8): Undefined variable: collection_report in [C:\xampp\htdocs\ctsvn\cthiring\app\View\Elements\header.ctp, line 260]
Trace:
include - APP\View\Elements\header.ctp, line 260
View::_evaluate() - CORE\Cake\View\View.php, line 971
View::_render() - CORE\Cake\View\View.php, line 933
View::_renderElement() - CORE\Cake\View\View.php, line 1224
View::element() - CORE\Cake\View\View.php, line 418
include - APP\View\Home\index.ctp, line 2
View::_evaluate() - CORE\Cake\View\View.php, line 971
View::_render() - CORE\Cake\View\View.php, line 933
View::render() - CORE\Cake\View\View.php, line 473
Controller::render() - CORE\Cake\Controller\Controller.php, line 963
Dispatcher::_invoke() - CORE\Cake\Routing\Dispatcher.php, line 200
Dispatcher::dispatch() - CORE\Cake\Routing\Dispatcher.php, line 167
[main] - APP\webroot\index.php, line 118

2018-04-05 18:21:59 Debug: Notice (8): Undefined variable: client_retention_report in [C:\xampp\htdocs\ctsvn\cthiring\app\View\Elements\header.ctp, line 260]
Trace:
include - APP\View\Elements\header.ctp, line 260
View::_evaluate() - CORE\Cake\View\View.php, line 971
View::_render() - CORE\Cake\View\View.php, line 933
View::_renderElement() - CORE\Cake\View\View.php, line 1224
View::element() - CORE\Cake\View\View.php, line 418
include - APP\View\Home\index.ctp, line 2
View::_evaluate() - CORE\Cake\View\View.php, line 971
View::_render() - CORE\Cake\View\View.php, line 933
View::render() - CORE\Cake\View\View.php, line 473
Controller::render() - CORE\Cake\Controller\Controller.php, line 963
Dispatcher::_invoke() - CORE\Cake\Routing\Dispatcher.php, line 200
Dispatcher::dispatch() - CORE\Cake\Routing\Dispatcher.php, line 167
[main] - APP\webroot\index.php, line 118

2018-04-05 18:21:59 Debug: Notice (8): Undefined variable: incentive_report in [C:\xampp\htdocs\ctsvn\cthiring\app\View\Elements\header.ctp, line 261]
Trace:
include - APP\View\Elements\header.ctp, line 261
View::_evaluate() - CORE\Cake\View\View.php, line 971
View::_render() - CORE\Cake\View\View.php, line 933
View::_renderElement() - CORE\Cake\View\View.php, line 1224
View::element() - CORE\Cake\View\View.php, line 418
include - APP\View\Home\index.ctp, line 2
View::_evaluate() - CORE\Cake\View\View.php, line 971
View::_render() - CORE\Cake\View\View.php, line 933
View::render() - CORE\Cake\View\View.php, line 473
Controller::render() - CORE\Cake\Controller\Controller.php, line 963
Dispatcher::_invoke() - CORE\Cake\Routing\Dispatcher.php, line 200
Dispatcher::dispatch() - CORE\Cake\Routing\Dispatcher.php, line 167
[main] - APP\webroot\index.php, line 118

2018-04-05 18:21:59 Debug: Notice (8): Undefined variable: incentive_report in [C:\xampp\htdocs\ctsvn\cthiring\app\View\Elements\header.ctp, line 261]
Trace:
include - APP\View\Elements\header.ctp, line 261
View::_evaluate() - CORE\Cake\View\View.php, line 971
View::_render() - CORE\Cake\View\View.php, line 933
View::_renderElement() - CORE\Cake\View\View.php, line 1224
View::element() - CORE\Cake\View\View.php, line 418
include - APP\View\Home\index.ctp, line 2
View::_evaluate() - CORE\Cake\View\View.php, line 971
View::_render() - CORE\Cake\View\View.php, line 933
View::render() - CORE\Cake\View\View.php, line 473
Controller::render() - CORE\Cake\Controller\Controller.php, line 963
Dispatcher::_invoke() - CORE\Cake\Routing\Dispatcher.php, line 200
Dispatcher::dispatch() - CORE\Cake\Routing\Dispatcher.php, line 167
[main] - APP\webroot\index.php, line 118

2018-04-05 18:21:59 Debug: Notice (8): Undefined variable: report_menu in [C:\xampp\htdocs\ctsvn\cthiring\app\View\Elements\header.ctp, line 262]
Trace:
include - APP\View\Elements\header.ctp, line 262
View::_evaluate() - CORE\Cake\View\View.php, line 971
View::_render() - CORE\Cake\View\View.php, line 933
View::_renderElement() - CORE\Cake\View\View.php, line 1224
View::element() - CORE\Cake\View\View.php, line 418
include - APP\View\Home\index.ctp, line 2
View::_evaluate() - CORE\Cake\View\View.php, line 971
View::_render() - CORE\Cake\View\View.php, line 933
View::render() - CORE\Cake\View\View.php, line 473
Controller::render() - CORE\Cake\Controller\Controller.php, line 963
Dispatcher::_invoke() - CORE\Cake\Routing\Dispatcher.php, line 200
Dispatcher::dispatch() - CORE\Cake\Routing\Dispatcher.php, line 167
[main] - APP\webroot\index.php, line 118

2018-04-05 18:21:59 Debug: Notice (8): Undefined variable: recruiter_report in [C:\xampp\htdocs\ctsvn\cthiring\app\View\Elements\header.ctp, line 265]
Trace:
include - APP\View\Elements\header.ctp, line 265
View::_evaluate() - CORE\Cake\View\View.php, line 971
View::_render() - CORE\Cake\View\View.php, line 933
View::_renderElement() - CORE\Cake\View\View.php, line 1224
View::element() - CORE\Cake\View\View.php, line 418
include - APP\View\Home\index.ctp, line 2
View::_evaluate() - CORE\Cake\View\View.php, line 971
View::_render() - CORE\Cake\View\View.php, line 933
View::render() - CORE\Cake\View\View.php, line 473
Controller::render() - CORE\Cake\Controller\Controller.php, line 963
Dispatcher::_invoke() - CORE\Cake\Routing\Dispatcher.php, line 200
Dispatcher::dispatch() - CORE\Cake\Routing\Dispatcher.php, line 167
[main] - APP\webroot\index.php, line 118

2018-04-05 18:21:59 Debug: Notice (8): Undefined variable: account_holder_report in [C:\xampp\htdocs\ctsvn\cthiring\app\View\Elements\header.ctp, line 268]
Trace:
include - APP\View\Elements\header.ctp, line 268
View::_evaluate() - CORE\Cake\View\View.php, line 971
View::_render() - CORE\Cake\View\View.php, line 933
View::_renderElement() - CORE\Cake\View\View.php, line 1224
View::element() - CORE\Cake\View\View.php, line 418
include - APP\View\Home\index.ctp, line 2
View::_evaluate() - CORE\Cake\View\View.php, line 971
View::_render() - CORE\Cake\View\View.php, line 933
View::render() - CORE\Cake\View\View.php, line 473
Controller::render() - CORE\Cake\Controller\Controller.php, line 963
Dispatcher::_invoke() - CORE\Cake\Routing\Dispatcher.php, line 200
Dispatcher::dispatch() - CORE\Cake\Routing\Dispatcher.php, line 167
[main] - APP\webroot\index.php, line 118

2018-04-05 18:21:59 Debug: Notice (8): Undefined variable: location_report in [C:\xampp\htdocs\ctsvn\cthiring\app\View\Elements\header.ctp, line 271]
Trace:
include - APP\View\Elements\header.ctp, line 271
View::_evaluate() - CORE\Cake\View\View.php, line 971
View::_render() - CORE\Cake\View\View.php, line 933
View::_renderElement() - CORE\Cake\View\View.php, line 1224
View::element() - CORE\Cake\View\View.php, line 418
include - APP\View\Home\index.ctp, line 2
View::_evaluate() - CORE\Cake\View\View.php, line 971
View::_render() - CORE\Cake\View\View.php, line 933
View::render() - CORE\Cake\View\View.php, line 473
Controller::render() - CORE\Cake\Controller\Controller.php, line 963
Dispatcher::_invoke() - CORE\Cake\Routing\Dispatcher.php, line 200
Dispatcher::dispatch() - CORE\Cake\Routing\Dispatcher.php, line 167
[main] - APP\webroot\index.php, line 118

2018-04-05 18:21:59 Debug: Notice (8): Undefined variable: revenue_report in [C:\xampp\htdocs\ctsvn\cthiring\app\View\Elements\header.ctp, line 278]
Trace:
include - APP\View\Elements\header.ctp, line 278
View::_evaluate() - CORE\Cake\View\View.php, line 971
View::_render() - CORE\Cake\View\View.php, line 933
View::_renderElement() - CORE\Cake\View\View.php, line 1224
View::element() - CORE\Cake\View\View.php, line 418
include - APP\View\Home\index.ctp, line 2
View::_evaluate() - CORE\Cake\View\View.php, line 971
View::_render() - CORE\Cake\View\View.php, line 933
View::render() - CORE\Cake\View\View.php, line 473
Controller::render() - CORE\Cake\Controller\Controller.php, line 963
Dispatcher::_invoke() - CORE\Cake\Routing\Dispatcher.php, line 200
Dispatcher::dispatch() - CORE\Cake\Routing\Dispatcher.php, line 167
[main] - APP\webroot\index.php, line 118

2018-04-05 18:21:59 Debug: Notice (8): Undefined variable: tat_report in [C:\xampp\htdocs\ctsvn\cthiring\app\View\Elements\header.ctp, line 281]
Trace:
include - APP\View\Elements\header.ctp, line 281
View::_evaluate() - CORE\Cake\View\View.php, line 971
View::_render() - CORE\Cake\View\View.php, line 933
View::_renderElement() - CORE\Cake\View\View.php, line 1224
View::element() - CORE\Cake\View\View.php, line 418
include - APP\View\Home\index.ctp, line 2
View::_evaluate() - CORE\Cake\View\View.php, line 971
View::_render() - CORE\Cake\View\View.php, line 933
View::render() - CORE\Cake\View\View.php, line 473
Controller::render() - CORE\Cake\Controller\Controller.php, line 963
Dispatcher::_invoke() - CORE\Cake\Routing\Dispatcher.php, line 200
Dispatcher::dispatch() - CORE\Cake\Routing\Dispatcher.php, line 167
[main] - APP\webroot\index.php, line 118

2018-04-05 18:21:59 Debug: Notice (8): Undefined variable: collection_report in [C:\xampp\htdocs\ctsvn\cthiring\app\View\Elements\header.ctp, line 284]
Trace:
include - APP\View\Elements\header.ctp, line 284
View::_evaluate() - CORE\Cake\View\View.php, line 971
View::_render() - CORE\Cake\View\View.php, line 933
View::_renderElement() - CORE\Cake\View\View.php, line 1224
View::element() - CORE\Cake\View\View.php, line 418
include - APP\View\Home\index.ctp, line 2
View::_evaluate() - CORE\Cake\View\View.php, line 971
View::_render() - CORE\Cake\View\View.php, line 933
View::render() - CORE\Cake\View\View.php, line 473
Controller::render() - CORE\Cake\Controller\Controller.php, line 963
Dispatcher::_invoke() - CORE\Cake\Routing\Dispatcher.php, line 200
Dispatcher::dispatch() - CORE\Cake\Routing\Dispatcher.php, line 167
[main] - APP\webroot\index.php, line 118

2018-04-05 18:21:59 Debug: Notice (8): Undefined variable: client_retention_report in [C:\xampp\htdocs\ctsvn\cthiring\app\View\Elements\header.ctp, line 287]
Trace:
include - APP\View\Elements\header.ctp, line 287
View::_evaluate() - CORE\Cake\View\View.php, line 971
View::_render() - CORE\Cake\View\View.php, line 933
View::_renderElement() - CORE\Cake\View\View.php, line 1224
View::element() - CORE\Cake\View\View.php, line 418
include - APP\View\Home\index.ctp, line 2
View::_evaluate() - CORE\Cake\View\View.php, line 971
View::_render() - CORE\Cake\View\View.php, line 933
View::render() - CORE\Cake\View\View.php, line 473
Controller::render() - CORE\Cake\Controller\Controller.php, line 963
Dispatcher::_invoke() - CORE\Cake\Routing\Dispatcher.php, line 200
Dispatcher::dispatch() - CORE\Cake\Routing\Dispatcher.php, line 167
[main] - APP\webroot\index.php, line 118

2018-04-05 18:21:59 Debug: Notice (8): Undefined variable: incentive_report in [C:\xampp\htdocs\ctsvn\cthiring\app\View\Elements\header.ctp, line 290]
Trace:
include - APP\View\Elements\header.ctp, line 290
View::_evaluate() - CORE\Cake\View\View.php, line 971
View::_render() - CORE\Cake\View\View.php, line 933
View::_renderElement() - CORE\Cake\View\View.php, line 1224
View::element() - CORE\Cake\View\View.php, line 418
include - APP\View\Home\index.ctp, line 2
View::_evaluate() - CORE\Cake\View\View.php, line 971
View::_render() - CORE\Cake\View\View.php, line 933
View::render() - CORE\Cake\View\View.php, line 473
Controller::render() - CORE\Cake\Controller\Controller.php, line 963
Dispatcher::_invoke() - CORE\Cake\Routing\Dispatcher.php, line 200
Dispatcher::dispatch() - CORE\Cake\Routing\Dispatcher.php, line 167
[main] - APP\webroot\index.php, line 118

2018-04-05 18:21:59 Debug: Notice (8): Undefined variable: manage_grade in [C:\xampp\htdocs\ctsvn\cthiring\app\View\Elements\header.ctp, line 318]
Trace:
include - APP\View\Elements\header.ctp, line 318
View::_evaluate() - CORE\Cake\View\View.php, line 971
View::_render() - CORE\Cake\View\View.php, line 933
View::_renderElement() - CORE\Cake\View\View.php, line 1224
View::element() - CORE\Cake\View\View.php, line 418
include - APP\View\Home\index.ctp, line 2
View::_evaluate() - CORE\Cake\View\View.php, line 971
View::_render() - CORE\Cake\View\View.php, line 933
View::render() - CORE\Cake\View\View.php, line 473
Controller::render() - CORE\Cake\Controller\Controller.php, line 963
Dispatcher::_invoke() - CORE\Cake\Routing\Dispatcher.php, line 200
Dispatcher::dispatch() - CORE\Cake\Routing\Dispatcher.php, line 167
[main] - APP\webroot\index.php, line 118

2018-04-05 18:21:59 Debug: Notice (8): Undefined variable: manage_users in [C:\xampp\htdocs\ctsvn\cthiring\app\View\Elements\header.ctp, line 318]
Trace:
include - APP\View\Elements\header.ctp, line 318
View::_evaluate() - CORE\Cake\View\View.php, line 971
View::_render() - CORE\Cake\View\View.php, line 933
View::_renderElement() - CORE\Cake\View\View.php, line 1224
View::element() - CORE\Cake\View\View.php, line 418
include - APP\View\Home\index.ctp, line 2
View::_evaluate() - CORE\Cake\View\View.php, line 971
View::_render() - CORE\Cake\View\View.php, line 933
View::render() - CORE\Cake\View\View.php, line 473
Controller::render() - CORE\Cake\Controller\Controller.php, line 963
Dispatcher::_invoke() - CORE\Cake\Routing\Dispatcher.php, line 200
Dispatcher::dispatch() - CORE\Cake\Routing\Dispatcher.php, line 167
[main] - APP\webroot\index.php, line 118

2018-04-05 18:21:59 Debug: Notice (8): Undefined variable: manage_roles in [C:\xampp\htdocs\ctsvn\cthiring\app\View\Elements\header.ctp, line 318]
Trace:
include - APP\View\Elements\header.ctp, line 318
View::_evaluate() - CORE\Cake\View\View.php, line 971
View::_render() - CORE\Cake\View\View.php, line 933
View::_renderElement() - CORE\Cake\View\View.php, line 1224
View::element() - CORE\Cake\View\View.php, line 418
include - APP\View\Home\index.ctp, line 2
View::_evaluate() - CORE\Cake\View\View.php, line 971
View::_render() - CORE\Cake\View\View.php, line 933
View::render() - CORE\Cake\View\View.php, line 473
Controller::render() - CORE\Cake\Controller\Controller.php, line 963
Dispatcher::_invoke() - CORE\Cake\Routing\Dispatcher.php, line 200
Dispatcher::dispatch() - CORE\Cake\Routing\Dispatcher.php, line 167
[main] - APP\webroot\index.php, line 118

2018-04-05 18:21:59 Debug: Notice (8): Undefined variable: manage_mailer_template in [C:\xampp\htdocs\ctsvn\cthiring\app\View\Elements\header.ctp, line 319]
Trace:
include - APP\View\Elements\header.ctp, line 319
View::_evaluate() - CORE\Cake\View\View.php, line 971
View::_render() - CORE\Cake\View\View.php, line 933
View::_renderElement() - CORE\Cake\View\View.php, line 1224
View::element() - CORE\Cake\View\View.php, line 418
include - APP\View\Home\index.ctp, line 2
View::_evaluate() - CORE\Cake\View\View.php, line 971
View::_render() - CORE\Cake\View\View.php, line 933
View::render() - CORE\Cake\View\View.php, line 473
Controller::render() - CORE\Cake\Controller\Controller.php, line 963
Dispatcher::_invoke() - CORE\Cake\Routing\Dispatcher.php, line 200
Dispatcher::dispatch() - CORE\Cake\Routing\Dispatcher.php, line 167
[main] - APP\webroot\index.php, line 118

2018-04-05 18:21:59 Debug: Notice (8): Undefined variable: manage_incentive in [C:\xampp\htdocs\ctsvn\cthiring\app\View\Elements\header.ctp, line 319]
Trace:
include - APP\View\Elements\header.ctp, line 319
View::_evaluate() - CORE\Cake\View\View.php, line 971
View::_render() - CORE\Cake\View\View.php, line 933
View::_renderElement() - CORE\Cake\View\View.php, line 1224
View::element() - CORE\Cake\View\View.php, line 418
include - APP\View\Home\index.ctp, line 2
View::_evaluate() - CORE\Cake\View\View.php, line 971
View::_render() - CORE\Cake\View\View.php, line 933
View::render() - CORE\Cake\View\View.php, line 473
Controller::render() - CORE\Cake\Controller\Controller.php, line 963
Dispatcher::_invoke() - CORE\Cake\Routing\Dispatcher.php, line 200
Dispatcher::dispatch() - CORE\Cake\Routing\Dispatcher.php, line 167
[main] - APP\webroot\index.php, line 118

2018-04-05 18:21:59 Debug: Notice (8): Undefined variable: api_keys in [C:\xampp\htdocs\ctsvn\cthiring\app\View\Elements\header.ctp, line 319]
Trace:
include - APP\View\Elements\header.ctp, line 319
View::_evaluate() - CORE\Cake\View\View.php, line 971
View::_render() - CORE\Cake\View\View.php, line 933
View::_renderElement() - CORE\Cake\View\View.php, line 1224
View::element() - CORE\Cake\View\View.php, line 418
include - APP\View\Home\index.ctp, line 2
View::_evaluate() - CORE\Cake\View\View.php, line 971
View::_render() - CORE\Cake\View\View.php, line 933
View::render() - CORE\Cake\View\View.php, line 473
Controller::render() - CORE\Cake\Controller\Controller.php, line 963
Dispatcher::_invoke() - CORE\Cake\Routing\Dispatcher.php, line 200
Dispatcher::dispatch() - CORE\Cake\Routing\Dispatcher.php, line 167
[main] - APP\webroot\index.php, line 118

2018-04-05 18:21:59 Debug: Notice (8): Undefined index: access in [C:\xampp\htdocs\ctsvn\cthiring\app\View\Home\index.ctp, line 17]
Trace:
include - APP\View\Home\index.ctp, line 17
View::_evaluate() - CORE\Cake\View\View.php, line 971
View::_render() - CORE\Cake\View\View.php, line 933
View::render() - CORE\Cake\View\View.php, line 473
Controller::render() - CORE\Cake\Controller\Controller.php, line 963
Dispatcher::_invoke() - CORE\Cake\Routing\Dispatcher.php, line 200
Dispatcher::dispatch() - CORE\Cake\Routing\Dispatcher.php, line 167
[main] - APP\webroot\index.php, line 118

2018-04-05 18:21:59 Debug: Notice (8): Undefined variable: margin in [C:\xampp\htdocs\ctsvn\cthiring\app\View\Home\index.ctp, line 32]
Trace:
include - APP\View\Home\index.ctp, line 32
View::_evaluate() - CORE\Cake\View\View.php, line 971
View::_render() - CORE\Cake\View\View.php, line 933
View::render() - CORE\Cake\View\View.php, line 473
Controller::render() - CORE\Cake\Controller\Controller.php, line 963
Dispatcher::_invoke() - CORE\Cake\Routing\Dispatcher.php, line 200
Dispatcher::dispatch() - CORE\Cake\Routing\Dispatcher.php, line 167
[main] - APP\webroot\index.php, line 118

2018-04-05 18:21:59 Debug: Notice (8): Undefined variable: rec_dash in [C:\xampp\htdocs\ctsvn\cthiring\app\View\Home\index.ctp, line 38]
Trace:
include - APP\View\Home\index.ctp, line 38
View::_evaluate() - CORE\Cake\View\View.php, line 971
View::_render() - CORE\Cake\View\View.php, line 933
View::render() - CORE\Cake\View\View.php, line 473
Controller::render() - CORE\Cake\Controller\Controller.php, line 963
Dispatcher::_invoke() - CORE\Cake\Routing\Dispatcher.php, line 200
Dispatcher::dispatch() - CORE\Cake\Routing\Dispatcher.php, line 167
[main] - APP\webroot\index.php, line 118

2018-04-05 18:21:59 Debug: Notice (8): Undefined variable: bd_dash in [C:\xampp\htdocs\ctsvn\cthiring\app\View\Home\index.ctp, line 38]
Trace:
include - APP\View\Home\index.ctp, line 38
View::_evaluate() - CORE\Cake\View\View.php, line 971
View::_render() - CORE\Cake\View\View.php, line 933
View::render() - CORE\Cake\View\View.php, line 473
Controller::render() - CORE\Cake\Controller\Controller.php, line 963
Dispatcher::_invoke() - CORE\Cake\Routing\Dispatcher.php, line 200
Dispatcher::dispatch() - CORE\Cake\Routing\Dispatcher.php, line 167
[main] - APP\webroot\index.php, line 118

2018-04-05 18:21:59 Debug: Notice (8): Undefined variable: rec_dash in [C:\xampp\htdocs\ctsvn\cthiring\app\View\Home\index.ctp, line 39]
Trace:
include - APP\View\Home\index.ctp, line 39
View::_evaluate() - CORE\Cake\View\View.php, line 971
View::_render() - CORE\Cake\View\View.php, line 933
View::render() - CORE\Cake\View\View.php, line 473
Controller::render() - CORE\Cake\Controller\Controller.php, line 963
Dispatcher::_invoke() - CORE\Cake\Routing\Dispatcher.php, line 200
Dispatcher::dispatch() - CORE\Cake\Routing\Dispatcher.php, line 167
[main] - APP\webroot\index.php, line 118

2018-04-05 18:21:59 Debug: Notice (8): Undefined variable: bd_dash in [C:\xampp\htdocs\ctsvn\cthiring\app\View\Home\index.ctp, line 39]
Trace:
include - APP\View\Home\index.ctp, line 39
View::_evaluate() - CORE\Cake\View\View.php, line 971
View::_render() - CORE\Cake\View\View.php, line 933
View::render() - CORE\Cake\View\View.php, line 473
Controller::render() - CORE\Cake\Controller\Controller.php, line 963
Dispatcher::_invoke() - CORE\Cake\Routing\Dispatcher.php, line 200
Dispatcher::dispatch() - CORE\Cake\Routing\Dispatcher.php, line 167
[main] - APP\webroot\index.php, line 118

2018-04-05 18:21:59 Debug: Notice (8): Undefined variable: rec_dash in [C:\xampp\htdocs\ctsvn\cthiring\app\View\Home\index.ctp, line 39]
Trace:
include - APP\View\Home\index.ctp, line 39
View::_evaluate() - CORE\Cake\View\View.php, line 971
View::_render() - CORE\Cake\View\View.php, line 933
View::render() - CORE\Cake\View\View.php, line 473
Controller::render() - CORE\Cake\Controller\Controller.php, line 963
Dispatcher::_invoke() - CORE\Cake\Routing\Dispatcher.php, line 200
Dispatcher::dispatch() - CORE\Cake\Routing\Dispatcher.php, line 167
[main] - APP\webroot\index.php, line 118

2018-04-05 18:21:59 Debug: Notice (8): Undefined variable: rec_dash in [C:\xampp\htdocs\ctsvn\cthiring\app\View\Home\index.ctp, line 43]
Trace:
include - APP\View\Home\index.ctp, line 43
View::_evaluate() - CORE\Cake\View\View.php, line 971
View::_render() - CORE\Cake\View\View.php, line 933
View::render() - CORE\Cake\View\View.php, line 473
Controller::render() - CORE\Cake\Controller\Controller.php, line 963
Dispatcher::_invoke() - CORE\Cake\Routing\Dispatcher.php, line 200
Dispatcher::dispatch() - CORE\Cake\Routing\Dispatcher.php, line 167
[main] - APP\webroot\index.php, line 118

2018-04-05 18:21:59 Debug: Notice (8): Undefined variable: bd_dash in [C:\xampp\htdocs\ctsvn\cthiring\app\View\Home\index.ctp, line 43]
Trace:
include - APP\View\Home\index.ctp, line 43
View::_evaluate() - CORE\Cake\View\View.php, line 971
View::_render() - CORE\Cake\View\View.php, line 933
View::render() - CORE\Cake\View\View.php, line 473
Controller::render() - CORE\Cake\Controller\Controller.php, line 963
Dispatcher::_invoke() - CORE\Cake\Routing\Dispatcher.php, line 200
Dispatcher::dispatch() - CORE\Cake\Routing\Dispatcher.php, line 167
[main] - APP\webroot\index.php, line 118

2018-04-05 18:21:59 Debug: Notice (8): Undefined variable: bd_dash in [C:\xampp\htdocs\ctsvn\cthiring\app\View\Home\index.ctp, line 43]
Trace:
include - APP\View\Home\index.ctp, line 43
View::_evaluate() - CORE\Cake\View\View.php, line 971
View::_render() - CORE\Cake\View\View.php, line 933
View::render() - CORE\Cake\View\View.php, line 473
Controller::render() - CORE\Cake\Controller\Controller.php, line 963
Dispatcher::_invoke() - CORE\Cake\Routing\Dispatcher.php, line 200
Dispatcher::dispatch() - CORE\Cake\Routing\Dispatcher.php, line 167
[main] - APP\webroot\index.php, line 118

2018-04-05 18:21:59 Debug: Notice (8): Undefined variable: rec_dash in [C:\xampp\htdocs\ctsvn\cthiring\app\View\Home\index.ctp, line 44]
Trace:
include - APP\View\Home\index.ctp, line 44
View::_evaluate() - CORE\Cake\View\View.php, line 971
View::_render() - CORE\Cake\View\View.php, line 933
View::render() - CORE\Cake\View\View.php, line 473
Controller::render() - CORE\Cake\Controller\Controller.php, line 963
Dispatcher::_invoke() - CORE\Cake\Routing\Dispatcher.php, line 200
Dispatcher::dispatch() - CORE\Cake\Routing\Dispatcher.php, line 167
[main] - APP\webroot\index.php, line 118

2018-04-05 18:21:59 Debug: Notice (8): Undefined variable: bd_dash in [C:\xampp\htdocs\ctsvn\cthiring\app\View\Home\index.ctp, line 44]
Trace:
include - APP\View\Home\index.ctp, line 44
View::_evaluate() - CORE\Cake\View\View.php, line 971
View::_render() - CORE\Cake\View\View.php, line 933
View::render() - CORE\Cake\View\View.php, line 473
Controller::render() - CORE\Cake\Controller\Controller.php, line 963
Dispatcher::_invoke() - CORE\Cake\Routing\Dispatcher.php, line 200
Dispatcher::dispatch() - CORE\Cake\Routing\Dispatcher.php, line 167
[main] - APP\webroot\index.php, line 118

2018-04-05 18:21:59 Debug: Notice (8): Undefined variable: rec_dash in [C:\xampp\htdocs\ctsvn\cthiring\app\View\Home\index.ctp, line 44]
Trace:
include - APP\View\Home\index.ctp, line 44
View::_evaluate() - CORE\Cake\View\View.php, line 971
View::_render() - CORE\Cake\View\View.php, line 933
View::render() - CORE\Cake\View\View.php, line 473
Controller::render() - CORE\Cake\Controller\Controller.php, line 963
Dispatcher::_invoke() - CORE\Cake\Routing\Dispatcher.php, line 200
Dispatcher::dispatch() - CORE\Cake\Routing\Dispatcher.php, line 167
[main] - APP\webroot\index.php, line 118

2018-04-05 18:21:59 Debug: Notice (8): Undefined variable: rec_dash in [C:\xampp\htdocs\ctsvn\cthiring\app\View\Home\index.ctp, line 45]
Trace:
include - APP\View\Home\index.ctp, line 45
View::_evaluate() - CORE\Cake\View\View.php, line 971
View::_render() - CORE\Cake\View\View.php, line 933
View::render() - CORE\Cake\View\View.php, line 473
Controller::render() - CORE\Cake\Controller\Controller.php, line 963
Dispatcher::_invoke() - CORE\Cake\Routing\Dispatcher.php, line 200
Dispatcher::dispatch() - CORE\Cake\Routing\Dispatcher.php, line 167
[main] - APP\webroot\index.php, line 118

2018-04-05 18:21:59 Debug: Notice (8): Undefined variable: bd_dash in [C:\xampp\htdocs\ctsvn\cthiring\app\View\Home\index.ctp, line 45]
Trace:
include - APP\View\Home\index.ctp, line 45
View::_evaluate() - CORE\Cake\View\View.php, line 971
View::_render() - CORE\Cake\View\View.php, line 933
View::render() - CORE\Cake\View\View.php, line 473
Controller::render() - CORE\Cake\Controller\Controller.php, line 963
Dispatcher::_invoke() - CORE\Cake\Routing\Dispatcher.php, line 200
Dispatcher::dispatch() - CORE\Cake\Routing\Dispatcher.php, line 167
[main] - APP\webroot\index.php, line 118

2018-04-05 18:21:59 Debug: Notice (8): Undefined variable: INTERVIEW_DROP_TAB_COUNT in [C:\xampp\htdocs\ctsvn\cthiring\app\View\Home\index.ctp, line 142]
Trace:
include - APP\View\Home\index.ctp, line 142
View::_evaluate() - CORE\Cake\View\View.php, line 971
View::_render() - CORE\Cake\View\View.php, line 933
View::render() - CORE\Cake\View\View.php, line 473
Controller::render() - CORE\Cake\Controller\Controller.php, line 963
Dispatcher::_invoke() - CORE\Cake\Routing\Dispatcher.php, line 200
Dispatcher::dispatch() - CORE\Cake\Routing\Dispatcher.php, line 167
[main] - APP\webroot\index.php, line 118

2018-04-05 18:21:59 Debug: Notice (8): Undefined variable: INTERVIEW_REJ_TAB_COUNT in [C:\xampp\htdocs\ctsvn\cthiring\app\View\Home\index.ctp, line 148]
Trace:
include - APP\View\Home\index.ctp, line 148
View::_evaluate() - CORE\Cake\View\View.php, line 971
View::_render() - CORE\Cake\View\View.php, line 933
View::render() - CORE\Cake\View\View.php, line 473
Controller::render() - CORE\Cake\Controller\Controller.php, line 963
Dispatcher::_invoke() - CORE\Cake\Routing\Dispatcher.php, line 200
Dispatcher::dispatch() - CORE\Cake\Routing\Dispatcher.php, line 167
[main] - APP\webroot\index.php, line 118

2018-04-05 18:21:59 Debug: Notice (8): Undefined variable: INTERVIEW_DROP_TAB_COUNT in [C:\xampp\htdocs\ctsvn\cthiring\app\View\Home\index.ctp, line 181]
Trace:
include - APP\View\Home\index.ctp, line 181
View::_evaluate() - CORE\Cake\View\View.php, line 971
View::_render() - CORE\Cake\View\View.php, line 933
View::render() - CORE\Cake\View\View.php, line 473
Controller::render() - CORE\Cake\Controller\Controller.php, line 963
Dispatcher::_invoke() - CORE\Cake\Routing\Dispatcher.php, line 200
Dispatcher::dispatch() - CORE\Cake\Routing\Dispatcher.php, line 167
[main] - APP\webroot\index.php, line 118

2018-04-05 18:21:59 Debug: Notice (8): Undefined variable: INTERVIEW_REJ_TAB_COUNT in [C:\xampp\htdocs\ctsvn\cthiring\app\View\Home\index.ctp, line 182]
Trace:
include - APP\View\Home\index.ctp, line 182
View::_evaluate() - CORE\Cake\View\View.php, line 971
View::_render() - CORE\Cake\View\View.php, line 933
View::render() - CORE\Cake\View\View.php, line 473
Controller::render() - CORE\Cake\Controller\Controller.php, line 963
Dispatcher::_invoke() - CORE\Cake\Routing\Dispatcher.php, line 200
Dispatcher::dispatch() - CORE\Cake\Routing\Dispatcher.php, line 167
[main] - APP\webroot\index.php, line 118

2018-04-05 18:21:59 Debug: Notice (8): Undefined offset: 0 in [C:\xampp\htdocs\ctsvn\cthiring\app\View\Home\index.ctp, line 194]
Trace:
include - APP\View\Home\index.ctp, line 194
View::_evaluate() - CORE\Cake\View\View.php, line 971
View::_render() - CORE\Cake\View\View.php, line 933
View::render() - CORE\Cake\View\View.php, line 473
Controller::render() - CORE\Cake\Controller\Controller.php, line 963
Dispatcher::_invoke() - CORE\Cake\Routing\Dispatcher.php, line 200
Dispatcher::dispatch() - CORE\Cake\Routing\Dispatcher.php, line 167
[main] - APP\webroot\index.php, line 118

2018-04-05 18:21:59 Debug: Notice (8): Undefined index: type in [C:\xampp\htdocs\ctsvn\cthiring\app\View\Home\index.ctp, line 319]
Trace:
include - APP\View\Home\index.ctp, line 319
View::_evaluate() - CORE\Cake\View\View.php, line 971
View::_render() - CORE\Cake\View\View.php, line 933
View::render() - CORE\Cake\View\View.php, line 473
Controller::render() - CORE\Cake\Controller\Controller.php, line 963
Dispatcher::_invoke() - CORE\Cake\Routing\Dispatcher.php, line 200
Dispatcher::dispatch() - CORE\Cake\Routing\Dispatcher.php, line 167
[main] - APP\webroot\index.php, line 118

2018-04-05 18:21:59 Debug: Notice (8): Undefined index: type in [C:\xampp\htdocs\ctsvn\cthiring\app\View\Home\index.ctp, line 330]
Trace:
include - APP\View\Home\index.ctp, line 330
View::_evaluate() - CORE\Cake\View\View.php, line 971
View::_render() - CORE\Cake\View\View.php, line 933
View::render() - CORE\Cake\View\View.php, line 473
Controller::render() - CORE\Cake\Controller\Controller.php, line 963
Dispatcher::_invoke() - CORE\Cake\Routing\Dispatcher.php, line 200
Dispatcher::dispatch() - CORE\Cake\Routing\Dispatcher.php, line 167
[main] - APP\webroot\index.php, line 118

2018-04-05 18:21:59 Debug: Notice (8): Undefined variable: color in [C:\xampp\htdocs\ctsvn\cthiring\app\View\Helper\FunctionsHelper.php, line 401]
Trace:
FunctionsHelper::get_offer_status_color() - APP\View\Helper\FunctionsHelper.php, line 401
include - APP\View\Home\index.ctp, line 574
View::_evaluate() - CORE\Cake\View\View.php, line 971
View::_render() - CORE\Cake\View\View.php, line 933
View::render() - CORE\Cake\View\View.php, line 473
Controller::render() - CORE\Cake\Controller\Controller.php, line 963
Dispatcher::_invoke() - CORE\Cake\Routing\Dispatcher.php, line 200
Dispatcher::dispatch() - CORE\Cake\Routing\Dispatcher.php, line 167
[main] - APP\webroot\index.php, line 118

2018-04-05 18:21:59 Debug: Notice (8): Undefined offset: 1 in [C:\xampp\htdocs\ctsvn\cthiring\app\View\Helper\FunctionsHelper.php, line 503]
Trace:
FunctionsHelper::get_status_crisp() - APP\View\Helper\FunctionsHelper.php, line 503
include - APP\View\Home\index.ctp, line 575
View::_evaluate() - CORE\Cake\View\View.php, line 971
View::_render() - CORE\Cake\View\View.php, line 933
View::render() - CORE\Cake\View\View.php, line 473
Controller::render() - CORE\Cake\Controller\Controller.php, line 963
Dispatcher::_invoke() - CORE\Cake\Routing\Dispatcher.php, line 200
Dispatcher::dispatch() - CORE\Cake\Routing\Dispatcher.php, line 167
[main] - APP\webroot\index.php, line 118

2018-04-05 18:21:59 Debug: Notice (8): Undefined offset: 1 in [C:\xampp\htdocs\ctsvn\cthiring\app\View\Helper\FunctionsHelper.php, line 503]
Trace:
FunctionsHelper::get_status_crisp() - APP\View\Helper\FunctionsHelper.php, line 503
include - APP\View\Home\index.ctp, line 575
View::_evaluate() - CORE\Cake\View\View.php, line 971
View::_render() - CORE\Cake\View\View.php, line 933
View::render() - CORE\Cake\View\View.php, line 473
Controller::render() - CORE\Cake\Controller\Controller.php, line 963
Dispatcher::_invoke() - CORE\Cake\Routing\Dispatcher.php, line 200
Dispatcher::dispatch() - CORE\Cake\Routing\Dispatcher.php, line 167
[main] - APP\webroot\index.php, line 118

2018-04-05 18:21:59 Debug: Notice (8): Undefined index: color in [C:\xampp\htdocs\ctsvn\cthiring\app\View\Layouts\default.ctp, line 33]
Trace:
include - APP\View\Layouts\default.ctp, line 33
View::_evaluate() - CORE\Cake\View\View.php, line 971
View::_render() - CORE\Cake\View\View.php, line 933
View::renderLayout() - CORE\Cake\View\View.php, line 546
View::render() - CORE\Cake\View\View.php, line 481
Controller::render() - CORE\Cake\Controller\Controller.php, line 963
Dispatcher::_invoke() - CORE\Cake\Routing\Dispatcher.php, line 200
Dispatcher::dispatch() - CORE\Cake\Routing\Dispatcher.php, line 167
[main] - APP\webroot\index.php, line 118

2018-04-05 18:21:59 Debug: Notice (8): Undefined index: action in [C:\xampp\htdocs\ctsvn\cthiring\app\View\Elements\footer.ctp, line 1]
Trace:
include - APP\View\Elements\footer.ctp, line 1
View::_evaluate() - CORE\Cake\View\View.php, line 971
View::_render() - CORE\Cake\View\View.php, line 933
View::_renderElement() - CORE\Cake\View\View.php, line 1224
View::element() - CORE\Cake\View\View.php, line 418
include - APP\View\Layouts\default.ctp, line 91
View::_evaluate() - CORE\Cake\View\View.php, line 971
View::_render() - CORE\Cake\View\View.php, line 933
View::renderLayout() - CORE\Cake\View\View.php, line 546
View::render() - CORE\Cake\View\View.php, line 481
Controller::render() - CORE\Cake\Controller\Controller.php, line 963
Dispatcher::_invoke() - CORE\Cake\Routing\Dispatcher.php, line 200
Dispatcher::dispatch() - CORE\Cake\Routing\Dispatcher.php, line 167
[main] - APP\webroot\index.php, line 118

2018-04-05 18:22:00 Debug: Notice (8): Undefined variable: options in [C:\xampp\htdocs\ctsvn\cthiring\app\Controller\AppController.php, line 162]
Trace:
AppController::get_approve_leave_count() - APP\Controller\AppController.php, line 162
AppController::beforeRender() - APP\Controller\AppController.php, line 49
call_user_func - [internal], line ??
CakeEventManager::dispatch() - CORE\Cake\Event\CakeEventManager.php, line 243
Controller::render() - CORE\Cake\Controller\Controller.php, line 936
Dispatcher::_invoke() - CORE\Cake\Routing\Dispatcher.php, line 200
Dispatcher::dispatch() - CORE\Cake\Routing\Dispatcher.php, line 167
[main] - APP\webroot\index.php, line 118

2018-04-05 18:22:02 Debug: Notice (8): Undefined variable: data in [C:\xampp\htdocs\ctsvn\cthiring\app\Plugin\FullCalendar\Controller\EventsController.php, line 107]
Trace:
EventsController::feed() - APP\Plugin\FullCalendar\Controller\EventsController.php, line 107
ReflectionMethod::invokeArgs() - [internal], line ??
Controller::invokeAction() - CORE\Cake\Controller\Controller.php, line 491
Dispatcher::_invoke() - CORE\Cake\Routing\Dispatcher.php, line 193
Dispatcher::dispatch() - CORE\Cake\Routing\Dispatcher.php, line 167
[main] - APP\webroot\index.php, line 118

